# JRE version: Java(TM) SE Runtime Environment (16.0.2+7) (build 16.0.2+7-67)
# Java VM: Java HotSpot(TM) 64-Bit Server VM (16.0.2+7-67, mixed mode, sharing, tiered, compressed oops, compressed class ptrs, g1 gc, windows-amd64)
GC Precious Log:
 CPUs: 8 total, 8 available
 Memory: 16275M
 Large Page Support: Disabled
 NUMA Support: Disabled
 Compressed Oops: Enabled (32-bit)
 Heap Region Size: 1M
 Heap Min Capacity: 256M
 Heap Initial Capacity: 256M
 Heap Max Capacity: 512M
 Pre-touch: Disabled
 Parallel Workers: 8
 Concurrent Workers: 2
 Concurrent Refinement Workers: 8
 Periodic GC: Disabled
Heap:
 garbage-first heap   total 262144K, used 122880K [0x00000000e0000000, 0x0000000100000000)
  region size 1024K, 62 young (63488K), 12 survivors (12288K)
 Metaspace       used 69551K, committed 70144K, reserved 278528K
  class space    used 9353K, committed 9600K, reserved 212992K
GC Heap History (14 events):
Event: 0.635 GC heap before
{Heap before GC invocations=0 (full 0):
 garbage-first heap   total 262144K, used 28672K [0x00000000e0000000, 0x0000000100000000)
  region size 1024K, 23 young (23552K), 0 survivors (0K)
 Metaspace       used 3121K, committed 3328K, reserved 221184K
  class space    used 379K, committed 448K, reserved 212992K
}
Event: 0.640 GC heap after
{Heap after GC invocations=1 (full 0):
 garbage-first heap   total 262144K, used 9007K [0x00000000e0000000, 0x0000000100000000)
  region size 1024K, 3 young (3072K), 3 survivors (3072K)
 Metaspace       used 3121K, committed 3328K, reserved 221184K
  class space    used 379K, committed 448K, reserved 212992K
}
Event: 1.017 GC heap before
{Heap before GC invocations=1 (full 0):
 garbage-first heap   total 262144K, used 38703K [0x00000000e0000000, 0x0000000100000000)
  region size 1024K, 32 young (32768K), 3 survivors (3072K)
 Metaspace       used 4028K, committed 4224K, reserved 221184K
  class space    used 476K, committed 576K, reserved 212992K
}
Event: 1.020 GC heap after
{Heap after GC invocations=2 (full 0):
 garbage-first heap   total 262144K, used 11342K [0x00000000e0000000, 0x0000000100000000)
  region size 1024K, 3 young (3072K), 3 survivors (3072K)
 Metaspace       used 4028K, committed 4224K, reserved 221184K
  class space    used 476K, committed 576K, reserved 212992K
}
Event: 3.261 GC heap before
{Heap before GC invocations=2 (full 0):
 garbage-first heap   total 262144K, used 116814K [0x00000000e0000000, 0x0000000100000000)
  region size 1024K, 107 young (109568K), 3 survivors (3072K)
 Metaspace       used 20940K, committed 21248K, reserved 237568K
  class space    used 3088K, committed 3200K, reserved 212992K
}
Event: 3.269 GC heap after
{Heap after GC invocations=3 (full 0):
 garbage-first heap   total 262144K, used 20642K [0x00000000e0000000, 0x0000000100000000)
  region size 1024K, 12 young (12288K), 12 survivors (12288K)
 Metaspace       used 20940K, committed 21248K, reserved 237568K
  class space    used 3088K, committed 3200K, reserved 212992K
}
Event: 4.940 GC heap before
{Heap before GC invocations=4 (full 0):
 garbage-first heap   total 262144K, used 129186K [0x00000000e0000000, 0x0000000100000000)
  region size 1024K, 116 young (118784K), 12 survivors (12288K)
 Metaspace       used 35263K, committed 35648K, reserved 245760K
  class space    used 4784K, committed 4992K, reserved 212992K
}
Event: 4.952 GC heap after
{Heap after GC invocations=5 (full 0):
 garbage-first heap   total 262144K, used 29877K [0x00000000e0000000, 0x0000000100000000)
  region size 1024K, 10 young (10240K), 10 survivors (10240K)
 Metaspace       used 35263K, committed 35648K, reserved 245760K
  class space    used 4784K, committed 4992K, reserved 212992K
}
Event: 6.933 GC heap before
{Heap before GC invocations=6 (full 0):
 garbage-first heap   total 262144K, used 158901K [0x00000000e0000000, 0x0000000100000000)
  region size 1024K, 133 young (136192K), 10 survivors (10240K)
 Metaspace       used 48701K, committed 49152K, reserved 262144K
  class space    used 6453K, committed 6656K, reserved 212992K
}
Event: 6.945 GC heap after
{Heap after GC invocations=7 (full 0):
 garbage-first heap   total 262144K, used 47104K [0x00000000e0000000, 0x0000000100000000)
  region size 1024K, 17 young (17408K), 17 survivors (17408K)
 Metaspace       used 48701K, committed 49152K, reserved 262144K
  class space    used 6453K, committed 6656K, reserved 212992K
}
Event: 8.427 GC heap before
{Heap before GC invocations=7 (full 0):
 garbage-first heap   total 262144K, used 181248K [0x00000000e0000000, 0x0000000100000000)
  region size 1024K, 149 young (152576K), 17 survivors (17408K)
 Metaspace       used 59058K, committed 59520K, reserved 270336K
  class space    used 7903K, committed 8128K, reserved 212992K
}
Event: 8.451 GC heap after
{Heap after GC invocations=8 (full 0):
 garbage-first heap   total 262144K, used 61949K [0x00000000e0000000, 0x0000000100000000)
  region size 1024K, 15 young (15360K), 15 survivors (15360K)
 Metaspace       used 59058K, committed 59520K, reserved 270336K
  class space    used 7903K, committed 8128K, reserved 212992K
}
Event: 10.336 GC heap before
{Heap before GC invocations=9 (full 0):
 garbage-first heap   total 262144K, used 189949K [0x00000000e0000000, 0x0000000100000000)
  region size 1024K, 141 young (144384K), 15 survivors (15360K)
 Metaspace       used 68399K, committed 68928K, reserved 278528K
  class space    used 9237K, committed 9472K, reserved 212992K
}
Event: 10.353 GC heap after
{Heap after GC invocations=10 (full 0):
 garbage-first heap   total 262144K, used 73728K [0x00000000e0000000, 0x0000000100000000)
  region size 1024K, 12 young (12288K), 12 survivors (12288K)
 Metaspace       used 68399K, committed 68928K, reserved 278528K
  class space    used 9237K, committed 9472K, reserved 212992K
}

